SQLSTATE[42000]: Syntax error or access violation: 1064 You have an error in your SQL syntax; check the manual that corresponds to your MariaDB server version for the right syntax to use near 'Array' at line 1
SQLSTATE[42000]: Syntax error or access violation: 1064 You have an error in your SQL syntax; check the manual that corresponds to your MariaDB server version for the right syntax to use near 'Array' at line 1
SQLSTATE[42000]: Syntax error or access violation: 1064 You have an error in your SQL syntax; check the manual that corresponds to your MariaDB server version for the right syntax to use near 'Array' at line 1
SQLSTATE[42000]: Syntax error or access violation: 1327 Undeclared variable: 10Array
SQLSTATE[42000]: Syntax error or access violation: 1327 Undeclared variable: 10Array
SQLSTATE[42000]: Syntax error or access violation: 1327 Undeclared variable: 10Array
SQLSTATE[HY000]: General error: 2006 MySQL server has gone away
SQLSTATE[42000]: Syntax error or access violation: 1064 You have an error in your SQL syntax; check the manual that corresponds to your MariaDB server version for the right syntax to use near 'upadate users set image = 'uploads/IMG_20150415_112721.jpg' where userid = '5...' at line 1
SQLSTATE[42000]: Syntax error or access violation: 1064 You have an error in your SQL syntax; check the manual that corresponds to your MariaDB server version for the right syntax to use near 'upadate users set image = 'uploads/IMG_20231114_133627 1.jpg' where userid = ...' at line 1
SQLSTATE[HY093]: Invalid parameter number: number of bound variables does not match number of tokens
SQLSTATE[HY093]: Invalid parameter number: number of bound variables does not match number of tokens
SQLSTATE[HY093]: Invalid parameter number: number of bound variables does not match number of tokens
SQLSTATE[42000]: Syntax error or access violation: 1064 You have an error in your SQL syntax; check the manual that corresponds to your MariaDB server version for the right syntax to use near 'deleted_receiver = 0) ORDER BY id DESC LIMIT 10' at line 1
SQLSTATE[42000]: Syntax error or access violation: 1064 You have an error in your SQL syntax; check the manual that corresponds to your MariaDB server version for the right syntax to use near 'deleted_receiver = 0) ORDER BY id DESC LIMIT 10' at line 1
SQLSTATE[42000]: Syntax error or access violation: 1064 You have an error in your SQL syntax; check the manual that corresponds to your MariaDB server version for the right syntax to use near 'deleted_receiver = 0) ORDER BY id DESC LIMIT 10' at line 1
SQLSTATE[42000]: Syntax error or access violation: 1064 You have an error in your SQL syntax; check the manual that corresponds to your MariaDB server version for the right syntax to use near 'deleted_receiver = 0) ORDER BY id DESC LIMIT 10' at line 1
SQLSTATE[42000]: Syntax error or access violation: 1064 You have an error in your SQL syntax; check the manual that corresponds to your MariaDB server version for the right syntax to use near 'deleted_receiver = 0) ORDER BY id DESC LIMIT 10' at line 1
SQLSTATE[42000]: Syntax error or access violation: 1064 You have an error in your SQL syntax; check the manual that corresponds to your MariaDB server version for the right syntax to use near 'deleted_receiver = 0) ORDER BY id DESC LIMIT 10' at line 1
SQLSTATE[42000]: Syntax error or access violation: 1064 You have an error in your SQL syntax; check the manual that corresponds to your MariaDB server version for the right syntax to use near 'deleted_receiver = 0) ORDER BY id DESC LIMIT 10' at line 1
SQLSTATE[42000]: Syntax error or access violation: 1064 You have an error in your SQL syntax; check the manual that corresponds to your MariaDB server version for the right syntax to use near 'deleted_receiver = 0) ORDER BY id DESC LIMIT 10' at line 1
SQLSTATE[42000]: Syntax error or access violation: 1064 You have an error in your SQL syntax; check the manual that corresponds to your MariaDB server version for the right syntax to use near 'deleted_receiver = 0) ORDER BY id DESC LIMIT 10' at line 1
SQLSTATE[42000]: Syntax error or access violation: 1064 You have an error in your SQL syntax; check the manual that corresponds to your MariaDB server version for the right syntax to use near 'deleted_receiver = 0) ORDER BY id DESC LIMIT 10' at line 1
SQLSTATE[42000]: Syntax error or access violation: 1064 You have an error in your SQL syntax; check the manual that corresponds to your MariaDB server version for the right syntax to use near 'deleted_receiver = 0) ORDER BY id DESC LIMIT 10' at line 1
SQLSTATE[42000]: Syntax error or access violation: 1064 You have an error in your SQL syntax; check the manual that corresponds to your MariaDB server version for the right syntax to use near 'deleted_receiver = 0) ORDER BY id DESC LIMIT 10' at line 1
SQLSTATE[42000]: Syntax error or access violation: 1064 You have an error in your SQL syntax; check the manual that corresponds to your MariaDB server version for the right syntax to use near 'deleted_receiver = 0) ORDER BY id DESC LIMIT 10' at line 1
SQLSTATE[42000]: Syntax error or access violation: 1064 You have an error in your SQL syntax; check the manual that corresponds to your MariaDB server version for the right syntax to use near 'deleted_receiver = 0) ORDER BY id DESC LIMIT 10' at line 1
SQLSTATE[42000]: Syntax error or access violation: 1064 You have an error in your SQL syntax; check the manual that corresponds to your MariaDB server version for the right syntax to use near 'deleted_receiver = 0) ORDER BY id DESC LIMIT 10' at line 1
SQLSTATE[42000]: Syntax error or access violation: 1064 You have an error in your SQL syntax; check the manual that corresponds to your MariaDB server version for the right syntax to use near 'deleted_receiver = 0) ORDER BY id DESC LIMIT 10' at line 1
SQLSTATE[42000]: Syntax error or access violation: 1064 You have an error in your SQL syntax; check the manual that corresponds to your MariaDB server version for the right syntax to use near 'deleted_receiver = 0) ORDER BY id DESC LIMIT 10' at line 1
SQLSTATE[42000]: Syntax error or access violation: 1064 You have an error in your SQL syntax; check the manual that corresponds to your MariaDB server version for the right syntax to use near 'deleted_receiver = 0) ORDER BY id DESC LIMIT 10' at line 1
SQLSTATE[42000]: Syntax error or access violation: 1064 You have an error in your SQL syntax; check the manual that corresponds to your MariaDB server version for the right syntax to use near 'deleted_receiver = 0) ORDER BY id DESC LIMIT 10' at line 1
SQLSTATE[42000]: Syntax error or access violation: 1064 You have an error in your SQL syntax; check the manual that corresponds to your MariaDB server version for the right syntax to use near 'deleted_receiver = 0) ORDER BY id DESC LIMIT 10' at line 1
SQLSTATE[42000]: Syntax error or access violation: 1064 You have an error in your SQL syntax; check the manual that corresponds to your MariaDB server version for the right syntax to use near 'deleted_receiver = 0) ORDER BY id DESC LIMIT 10' at line 1
SQLSTATE[42000]: Syntax error or access violation: 1064 You have an error in your SQL syntax; check the manual that corresponds to your MariaDB server version for the right syntax to use near 'deleted_receiver = 0) ORDER BY id DESC LIMIT 10' at line 1
SQLSTATE[42000]: Syntax error or access violation: 1064 You have an error in your SQL syntax; check the manual that corresponds to your MariaDB server version for the right syntax to use near 'deleted_receiver = 0) ORDER BY id DESC LIMIT 10' at line 1
SQLSTATE[42000]: Syntax error or access violation: 1064 You have an error in your SQL syntax; check the manual that corresponds to your MariaDB server version for the right syntax to use near 'deleted_receiver = 0) ORDER BY id DESC LIMIT 10' at line 1
SQLSTATE[42000]: Syntax error or access violation: 1064 You have an error in your SQL syntax; check the manual that corresponds to your MariaDB server version for the right syntax to use near 'deleted_receiver = 0) ORDER BY id DESC LIMIT 10' at line 1
SQLSTATE[42000]: Syntax error or access violation: 1064 You have an error in your SQL syntax; check the manual that corresponds to your MariaDB server version for the right syntax to use near 'deleted_receiver = 0) ORDER BY id DESC LIMIT 10' at line 1
SQLSTATE[42000]: Syntax error or access violation: 1064 You have an error in your SQL syntax; check the manual that corresponds to your MariaDB server version for the right syntax to use near 'deleted_receiver = 0) ORDER BY id DESC LIMIT 10' at line 1
SQLSTATE[42000]: Syntax error or access violation: 1064 You have an error in your SQL syntax; check the manual that corresponds to your MariaDB server version for the right syntax to use near 'deleted_receiver = 0) ORDER BY id DESC LIMIT 10' at line 1
SQLSTATE[42000]: Syntax error or access violation: 1064 You have an error in your SQL syntax; check the manual that corresponds to your MariaDB server version for the right syntax to use near 'deleted_receiver = 0) ORDER BY id DESC LIMIT 10' at line 1
SQLSTATE[42000]: Syntax error or access violation: 1064 You have an error in your SQL syntax; check the manual that corresponds to your MariaDB server version for the right syntax to use near 'deleted_receiver = 0) ORDER BY id DESC LIMIT 10' at line 1
SQLSTATE[42000]: Syntax error or access violation: 1064 You have an error in your SQL syntax; check the manual that corresponds to your MariaDB server version for the right syntax to use near 'deleted_receiver = 0) ORDER BY id DESC LIMIT 10' at line 1
SQLSTATE[42000]: Syntax error or access violation: 1064 You have an error in your SQL syntax; check the manual that corresponds to your MariaDB server version for the right syntax to use near 'deleted_receiver = 0) ORDER BY id DESC LIMIT 10' at line 1
SQLSTATE[42000]: Syntax error or access violation: 1064 You have an error in your SQL syntax; check the manual that corresponds to your MariaDB server version for the right syntax to use near 'deleted_receiver = 0) ORDER BY id DESC LIMIT 10' at line 1
SQLSTATE[42000]: Syntax error or access violation: 1064 You have an error in your SQL syntax; check the manual that corresponds to your MariaDB server version for the right syntax to use near 'deleted_receiver = 0) ORDER BY id DESC LIMIT 10' at line 1
SQLSTATE[42000]: Syntax error or access violation: 1064 You have an error in your SQL syntax; check the manual that corresponds to your MariaDB server version for the right syntax to use near 'deleted_receiver = 0) ORDER BY id DESC LIMIT 10' at line 1
SQLSTATE[42000]: Syntax error or access violation: 1064 You have an error in your SQL syntax; check the manual that corresponds to your MariaDB server version for the right syntax to use near 'deleted_receiver = 0) ORDER BY id DESC LIMIT 10' at line 1
SQLSTATE[42000]: Syntax error or access violation: 1064 You have an error in your SQL syntax; check the manual that corresponds to your MariaDB server version for the right syntax to use near 'deleted_receiver = 0) ORDER BY id DESC LIMIT 10' at line 1
SQLSTATE[42000]: Syntax error or access violation: 1064 You have an error in your SQL syntax; check the manual that corresponds to your MariaDB server version for the right syntax to use near 'deleted_receiver = 0) ORDER BY id DESC LIMIT 10' at line 1
SQLSTATE[42000]: Syntax error or access violation: 1064 You have an error in your SQL syntax; check the manual that corresponds to your MariaDB server version for the right syntax to use near 'deleted_receiver = 0) ORDER BY id DESC LIMIT 10' at line 1
SQLSTATE[42000]: Syntax error or access violation: 1064 You have an error in your SQL syntax; check the manual that corresponds to your MariaDB server version for the right syntax to use near 'deleted_receiver = 0) ORDER BY id DESC LIMIT 10' at line 1
SQLSTATE[42000]: Syntax error or access violation: 1064 You have an error in your SQL syntax; check the manual that corresponds to your MariaDB server version for the right syntax to use near 'deleted_receiver = 0) ORDER BY id DESC LIMIT 10' at line 1
SQLSTATE[42000]: Syntax error or access violation: 1064 You have an error in your SQL syntax; check the manual that corresponds to your MariaDB server version for the right syntax to use near 'deleted_receiver = 0) ORDER BY id DESC LIMIT 10' at line 1
SQLSTATE[42000]: Syntax error or access violation: 1064 You have an error in your SQL syntax; check the manual that corresponds to your MariaDB server version for the right syntax to use near 'deleted_receiver = 0) ORDER BY id DESC LIMIT 10' at line 1
SQLSTATE[42000]: Syntax error or access violation: 1064 You have an error in your SQL syntax; check the manual that corresponds to your MariaDB server version for the right syntax to use near 'deleted_receiver = 0) ORDER BY id DESC LIMIT 10' at line 1
SQLSTATE[42000]: Syntax error or access violation: 1064 You have an error in your SQL syntax; check the manual that corresponds to your MariaDB server version for the right syntax to use near 'deleted_receiver = 0) ORDER BY id DESC LIMIT 10' at line 1
SQLSTATE[42000]: Syntax error or access violation: 1064 You have an error in your SQL syntax; check the manual that corresponds to your MariaDB server version for the right syntax to use near 'deleted_receiver = 0) ORDER BY id DESC LIMIT 10' at line 1
SQLSTATE[42000]: Syntax error or access violation: 1064 You have an error in your SQL syntax; check the manual that corresponds to your MariaDB server version for the right syntax to use near 'deleted_receiver = 0) ORDER BY id DESC LIMIT 10' at line 1
SQLSTATE[42000]: Syntax error or access violation: 1064 You have an error in your SQL syntax; check the manual that corresponds to your MariaDB server version for the right syntax to use near 'deleted_receiver = 0) ORDER BY id DESC LIMIT 10' at line 1
SQLSTATE[42000]: Syntax error or access violation: 1064 You have an error in your SQL syntax; check the manual that corresponds to your MariaDB server version for the right syntax to use near 'deleted_receiver = 0) ORDER BY id DESC LIMIT 10' at line 1
SQLSTATE[42000]: Syntax error or access violation: 1064 You have an error in your SQL syntax; check the manual that corresponds to your MariaDB server version for the right syntax to use near 'deleted_receiver = 0) ORDER BY id DESC LIMIT 10' at line 1
SQLSTATE[42000]: Syntax error or access violation: 1064 You have an error in your SQL syntax; check the manual that corresponds to your MariaDB server version for the right syntax to use near 'deleted_receiver = 0) ORDER BY id DESC LIMIT 10' at line 1
SQLSTATE[42000]: Syntax error or access violation: 1064 You have an error in your SQL syntax; check the manual that corresponds to your MariaDB server version for the right syntax to use near 'deleted_receiver = 0) ORDER BY id DESC LIMIT 10' at line 1
SQLSTATE[42000]: Syntax error or access violation: 1064 You have an error in your SQL syntax; check the manual that corresponds to your MariaDB server version for the right syntax to use near 'deleted_receiver = 0) ORDER BY id DESC LIMIT 10' at line 1
SQLSTATE[42000]: Syntax error or access violation: 1064 You have an error in your SQL syntax; check the manual that corresponds to your MariaDB server version for the right syntax to use near 'deleted_receiver = 0) ORDER BY id DESC LIMIT 10' at line 1
SQLSTATE[42000]: Syntax error or access violation: 1064 You have an error in your SQL syntax; check the manual that corresponds to your MariaDB server version for the right syntax to use near 'deleted_receiver = 0) ORDER BY id DESC LIMIT 10' at line 1
SQLSTATE[42000]: Syntax error or access violation: 1064 You have an error in your SQL syntax; check the manual that corresponds to your MariaDB server version for the right syntax to use near 'AND received = 0' at line 1
SQLSTATE[42000]: Syntax error or access violation: 1064 You have an error in your SQL syntax; check the manual that corresponds to your MariaDB server version for the right syntax to use near 'AND received = 0' at line 1
SQLSTATE[42000]: Syntax error or access violation: 1064 You have an error in your SQL syntax; check the manual that corresponds to your MariaDB server version for the right syntax to use near 'AND received = 0' at line 1
SQLSTATE[42000]: Syntax error or access violation: 1064 You have an error in your SQL syntax; check the manual that corresponds to your MariaDB server version for the right syntax to use near 'AND received = 0' at line 1
SQLSTATE[42000]: Syntax error or access violation: 1064 You have an error in your SQL syntax; check the manual that corresponds to your MariaDB server version for the right syntax to use near 'AND received = 0' at line 1
SQLSTATE[42000]: Syntax error or access violation: 1064 You have an error in your SQL syntax; check the manual that corresponds to your MariaDB server version for the right syntax to use near 'AND received = 0' at line 1
SQLSTATE[42000]: Syntax error or access violation: 1064 You have an error in your SQL syntax; check the manual that corresponds to your MariaDB server version for the right syntax to use near 'AND received = 0' at line 1
